<?xml version="1.0" encoding="UTF-8"?>
<!-- Generated by org.testng.reporters.JUnitReportReporter -->
<testsuite hostname="LAPTOP-0FEMPIA9" failures="0" tests="1" name="UITest.GUT.SearchWithPictureGoogleUITest" time="6.544" errors="0" timestamp="2022-03-07T16:38:16 CET" skipped="0">
  <testcase classname="UITest.GUT.SearchWithPictureGoogleUITest" name="SearchPicture" time="6.544"/>
  <system-out/>
</testsuite> <!-- UITest.GUT.SearchWithPictureGoogleUITest -->
