<?xml version="1.0" encoding="UTF-8"?>
<!-- Generated by org.testng.reporters.JUnitReportReporter -->
<testsuite hostname="LAPTOP-0FEMPIA9" failures="0" tests="1" name="UITest.GUT.HubDockerTitleUITest" time="7.285" errors="0" timestamp="2022-03-09T15:31:29 CET" skipped="0">
  <testcase classname="UITest.GUT.HubDockerTitleUITest" name="HubDockerTitle" time="7.285"/>
  <system-out/>
</testsuite> <!-- UITest.GUT.HubDockerTitleUITest -->
