<?xml version="1.0" encoding="UTF-8"?>
<!-- Generated by org.testng.reporters.JUnitReportReporter -->
<testsuite hostname="LAPTOP-0FEMPIA9" failures="0" tests="1" name="UITest.GUT.GoogleLoginCheckUI" time="10.338" errors="0" timestamp="2022-03-09T15:31:28 CET" skipped="0">
  <testcase classname="UITest.GUT.GoogleLoginCheckUI" name="GoogleLoginCheck" time="10.338"/>
  <system-out/>
</testsuite> <!-- UITest.GUT.GoogleLoginCheckUI -->
