<?xml version="1.0" encoding="UTF-8"?>
<!-- Generated by org.testng.reporters.JUnitReportReporter -->
<testsuite hostname="LAPTOP-0FEMPIA9" failures="0" tests="1" name="UITest.GUT.AppTest" time="0.005" errors="0" timestamp="2022-03-07T16:04:11 CET" skipped="0">
  <testcase classname="UITest.GUT.AppTest" name="shouldAnswerWithTrue" time="0.005"/>
  <system-out/>
</testsuite> <!-- UITest.GUT.AppTest -->
